182
364
546
728
910
1092
1274
1456
1638
1820
2002
2184
2366
2548
2730
2912
3094
3276
3458
3640
3822
4004
4186
4368
4550
4732
4914
5096
5278
5460
5642
5824
6006
6188
6370
6552
6734
6916
7098
7280
7462
7644
7826
8008
8190
8372
8554
8736
8918
9100
9282
9464
9646
9828
10010
10192
10374
10556
10738
10920
11102
11284
11466
11648
11830
12012
12194
12376
12558
12740
12922
13104
13286
13468
13650
13832
14014
14196
14378
14560
14742
14924
15106
15288
15470
15652
15834
16016
16198
16380
16562
16744
16926
17108
17290
17472
17654
17836
18018
18200
18382
18564
18746
18928
19110
19292
19474
19656
19838
20020
20202
20384
20566
20748
20930
21112
21294
21476
21658
21840
22022
22204
22386
22568
22750
22932
23114
23296
23478
23660
23842
24024
24206
24388
24570
24752
24934
25116
25298
25480
25662
25844
26026
26208
26390
26572
26754
26936
27118
27300
27482
27664
27846
28028
28210
28392
28574
28756
28938
29120
29302
29484
29666
29848
30030
30212
30394
30576
30758
30940
31122
31304
31486
31668
31850
32032
32214
32396
32578
32760
32942
33124
33306
33488
33670
33852
34034
34216
34398
34580
34762
34944
35126
35308
35490
35672
35854
36036
36218
36400
36582
36764
36946
37128
37310
37492
37674
37856
38038
38220
38402
38584
38766
38948
39130
39312
39494
39676
39858
40040
40222
40404
40586
40768
40950
41132
41314
41496
41678
41860
42042
42224
42406
42588
42770
42952
43134
43316
43498
43680
43862
44044
44226
44408
44590
44772
44954
45136
45318
45500
45682
45864
46046
46228
46410
46592
46774
46956
47138
47320
47502
47684
47866
48048
48230
48412
48594
48776
48958
49140
49322
49504
49686
49868
50050
50232
50414
50596
50778
50960
51142
51324
51506
51688
51870
52052
52234
52416
52598
52780
52962
53144
53326
53508
53690
53872
54054
54236
54418
54600
54782
54964
55146
55328
55510
55692
55874
56056
56238
56420
56602
56784
56966
57148
57330
57512
57694
57876
58058
58240
58422
58604
58786
58968
59150
59332
59514
59696
59878
60060
60242
60424
60606
60788
60970
61152
61334
61516
61698
61880
62062
62244
62426
62608
62790
62972
63154
63336
63518
63700
63882
64064
64246
64428
64610
64792
64974
65156
65338
65520
65702
65884
66066
66248
66430
66612
66794
66976
67158
67340
67522
67704
67886
68068
68250
68432
68614
68796
68978
69160
69342
69524
69706
69888
70070
70252
70434
70616
70798
70980
71162
71344
71526
71708
71890
72072
72254
72436
72618
72800
72982
73164
73346
73528
73710
73892
74074
74256
74438
74620
74802
74984
75166
75348
75530
75712
75894
76076
76258
76440
76622
76804
76986
77168
77350
77532
77714
77896
78078
78260
78442
78624
78806
78988
79170
79352
79534
79716
79898
80080
80262
80444
80626
80808
80990
81172
81354
81536
81718
81900
82082
82264
82446
82628
82810
82992
83174
83356
83538
83720
83902
84084
84266
84448
84630
84812
84994
85176
85358
85540
85722
85904
86086
86268
86450
86632
86814
86996
87178
87360
87542
87724
87906
88088
88270
88452
88634
88816
88998
89180
89362
89544
89726
89908
90090
90272
90454
90636
90818
91000
91182
91364
91546
91728
91910
92092
92274
92456
92638
92820
93002
93184
93366
93548
93730
93912
94094
94276
94458
94640
94822
95004
95186
95368
95550
95732
95914
96096
96278
96460
96642
96824
97006
97188
97370
97552
97734
97916
98098
98280
98462
98644
98826
99008
99190
99372
99554
99736
99918
100100
100282
100464
100646
100828
101010
101192
101374
101556
101738
101920
102102
102284
102466
102648
102830
103012
103194
103376
103558
103740
103922
104104
104286
104468
104650
104832
105014
105196
105378
105560
105742
105924
106106
106288
106470
106652
106834
107016
107198
107380
107562
107744
107926
108108
108290
108472
108654
108836
109018
109200
109382
109564
109746
109928
110110
110292
110474
110656
110838
111020
111202
111384
111566
111748
111930
112112
112294
112476
112658
112840
113022
113204
113386
113568
113750
113932
114114
114296
114478
114660
114842
115024
115206
115388
115570
115752
115934
116116
116298
116480
116662
116844
117026
117208
117390
117572
117754
117936
118118
118300
118482
118664
118846
119028
119210
119392
119574
119756
119938
120120
120302
120484
120666
120848
121030
121212
121394
121576
121758
121940
122122
122304
122486
122668
122850
123032
123214
123396
123578
123760
123942
124124
124306
124488
124670
124852
125034
125216
125398
125580
125762
125944
126126
126308
126490
126672
126854
127036
127218
127400
127582
127764
127946
128128
128310
128492
128674
128856
129038
129220
129402
129584
129766
129948
130130
130312
130494
130676
130858
131040
131222
131404
131586
131768
131950
132132
132314
132496
132678
132860
133042
133224
133406
133588
133770
133952
134134
134316
134498
134680
134862
135044
135226
135408
135590
135772
135954
136136
136318
136500
136682
136864
137046
137228
137410
137592
137774
137956
138138
138320
138502
138684
138866
139048
139230
139412
139594
139776
139958
140140
140322
140504
140686
140868
141050
141232
141414
141596
141778
141960
142142
142324
142506
142688
142870
143052
143234
143416
143598
143780
143962
144144
144326
144508
144690
144872
145054
145236
145418
145600
145782
145964
146146
146328
146510
146692
146874
147056
147238
147420
147602
147784
147966
148148
148330
148512
148694
148876
149058
149240
149422
149604
149786
149968
150150
150332
150514
150696
150878
151060
151242
151424
151606
151788
151970
152152
152334
152516
152698
152880
153062
153244
153426
153608
153790
153972
154154
154336
154518
154700
154882
155064
155246
155428
155610
155792
155974
156156
156338
156520
156702
156884
157066
157248
157430
157612
157794
157976
158158
158340
158522
158704
158886
159068
159250
159432
159614
159796
159978
160160
160342
160524
160706
160888
161070
161252
161434
161616
161798
161980
162162
162344
162526
162708
162890
163072
163254
163436
163618
163800
163982
164164
164346
164528
164710
164892
165074
165256
165438
165620
165802
165984
166166
166348
166530
166712
166894
167076
167258
167440
167622
167804
167986
168168
168350
168532
168714
168896
169078
169260
169442
169624
169806
169988
170170
170352
170534
170716
170898
171080
171262
171444
171626
171808
171990
172172
172354
172536
172718
172900
173082
173264
173446
173628
173810
173992
174174
174356
174538
174720
174902
175084
175266
175448
175630
175812
175994
176176
176358
176540
176722
176904
177086
177268
177450
177632
177814
177996
178178
178360
178542
178724
178906
179088
179270
179452
179634
179816
179998
180180
180362
180544
180726
180908
181090
181272
181454
181636
181818
182000
182182
182364
182546
182728
182910
183092
183274
183456
183638
183820
184002
184184
184366
184548
184730
184912
185094
185276
185458
185640
185822
186004
186186
186368
186550
186732
186914
187096
187278
187460
187642
187824
188006
188188
188370
188552
188734
188916
189098
189280
189462
189644
189826
190008
190190
190372
190554
190736
190918
191100
191282
191464
191646
191828
192010
192192
192374
192556
192738
192920
193102
193284
193466
193648
193830
194012
194194
194376
194558
194740
194922
195104
195286
195468
195650
195832
196014
196196
196378
196560
196742
196924
197106
197288
197470
197652
197834
198016
198198
198380
198562
198744
198926
199108
199290
199472
199654
199836
200018
200200
200382
200564
200746
200928
201110
201292
201474
201656
201838
202020
202202
202384
202566
202748
202930
203112
203294
203476
203658
203840
204022
204204
204386
204568
204750
204932
205114
205296
205478
205660
205842
206024
206206
206388
206570
206752
206934
207116
207298
207480
207662
207844
208026
208208
208390
208572
208754
208936
209118
209300
209482
209664
209846
210028
210210
210392
210574
210756
210938
211120
211302
211484
211666
211848
212030
212212
212394
212576
212758
212940
213122
213304
213486
213668
213850
214032
214214
214396
214578
214760
214942
215124
215306
215488
215670
215852
216034
216216
216398
216580
216762
216944
217126
217308
217490
217672
217854
218036
218218
218400
218582
218764
218946
219128
219310
219492
219674
219856
220038
220220
220402
220584
220766
220948
221130
221312
221494
221676
221858
222040
222222
222404
222586
222768
222950
223132
223314
223496
223678
223860
224042
224224
224406
224588
224770
224952
225134
225316
225498
225680
225862
226044
226226
226408
226590
226772
226954
227136
227318
227500
227682
227864
228046
228228
228410
228592
228774
228956
229138
229320
229502
229684
229866
230048
230230
230412
230594
230776
230958
231140
231322
231504
231686
231868
232050
232232
232414
232596
232778
232960
233142
233324
233506
233688
233870
234052
234234
234416
234598
234780
234962
235144
235326
235508
235690
235872
236054
236236
236418
236600
236782
236964
237146
237328
237510
237692
237874
238056
182
364
546
728
910
1092
1274
1456
1638
1820
2002
2184
2366
2548
2730
2912
3094
3276
3458
3640
3822
4004
4186
4368
4550
4732
4914
5096
5278
5460
5642
5824
6006
6188
6370
6552
6734
6916
7098
7280
7462
7644
7826
8008
8190
8372
8554
8736
8918
9100
9282
9464
9646
9828
10010
10192
10374
10556
10738
10920
11102
11284
11466
11648
11830
12012
12194
12376
12558
12740
12922
13104
13286
13468
13650
13832
14014
14196
14378
14560
14742
14924
15106
15288
15470
15652
15834
16016
16198
16380
16562
16744
16926
17108
17290
17472
17654
17836
18018
18200
18382
18564
18746
18928
19110
19292
19474
19656
19838
20020
20202
20384
20566
20748
20930
21112
21294
21476
21658
21840
22022
22204
22386
22568
22750
22932
23114
23296
23478
23660
23842
24024
24206
24388
24570
24752
24934
25116
25298
25480
25662
25844
26026
26208
26390
26572
26754
26936
27118
27300
27482
27664
27846
28028
28210
28392
28574
28756
28938
29120
29302
29484
29666
29848
30030
30212
30394
30576
30758
30940
31122
31304
31486
31668
31850
32032
32214
32396
32578
32760
32942
33124
33306
33488
33670
33852
34034
34216
34398
34580
34762
34944
35126
35308
35490
35672
35854
36036
36218
36400
36582
36764
36946
37128
37310
37492
37674
37856
38038
38220
38402
38584
38766
38948
39130
39312
39494
39676
39858
40040
40222
40404
40586
40768
40950
41132
41314
41496
41678
41860
42042
42224
42406
42588
42770
42952
43134
43316
43498
43680
43862
44044
44226
44408
44590
44772
44954
45136
45318
45500
45682
45864
46046
46228
46410
46592
46774
46956
47138
47320
47502
47684
47866
48048
48230
48412
48594
48776
48958
49140
49322
49504
49686
49868
50050
50232
50414
50596
50778
50960
51142
51324
51506
51688
51870
52052
52234
52416
52598
52780
52962
53144
53326
53508
53690
53872
54054
54236
54418
54600
54782
54964
55146
55328
55510
55692
55874
56056
56238
56420
56602
56784
56966
57148
57330
57512
57694
57876
58058
58240
58422
58604
58786
58968
59150
59332
59514
59696
59878
60060
60242
60424
60606
60788
60970
61152
61334
61516
61698
61880
62062
62244
62426
62608
62790
62972
63154
63336
63518
63700
63882
64064
64246
64428
64610
64792
64974
65156
65338
65520
65702
65884
66066
66248
66430
66612
66794
66976
67158
67340
67522
67704
67886
68068
68250
68432
68614
68796
68978
69160
69342
69524
69706
69888
70070
70252
70434
70616
70798
70980
71162
71344
71526
71708
71890
72072
72254
72436
72618
72800
72982
73164
73346
73528
73710
73892
74074
74256
74438
74620
74802
74984
75166
75348
75530
75712
75894
76076
76258
76440
76622
76804
76986
77168
77350
77532
77714
77896
78078
78260
78442
78624
78806
78988
79170
79352
79534
79716
79898
80080
80262
80444
80626
80808
80990
81172
81354
81536
81718
81900
82082
82264
82446
82628
82810
82992
83174
83356
83538
83720
83902
84084
84266
84448
84630
84812
84994
85176
85358
85540
85722
85904
86086
86268
86450
86632
86814
86996
87178
87360
87542
87724
87906
88088
88270
88452
88634
88816
88998
89180
89362
89544
89726
89908
90090
90272
90454
90636
90818
91000
91182
91364
91546
91728
91910
92092
92274
92456
92638
92820
93002
93184
93366
93548
93730
93912
94094
94276
94458
94640
94822
95004
95186
95368
95550
95732
95914
96096
96278
96460
96642
96824
97006
97188
97370
97552
97734
97916
98098
98280
98462
98644
98826
99008
99190
99372
99554
99736
99918
100100
100282
100464
100646
100828
101010
101192
101374
101556
101738
101920
102102
102284
102466
102648
102830
103012
103194
103376
103558
103740
103922
104104
104286
104468
104650
104832
105014
105196
105378
105560
105742
105924
106106
106288
106470
106652
106834
107016
107198
107380
107562
107744
107926
108108
108290
108472
108654
108836
109018
109200
109382
109564
109746
109928
110110
110292
110474
110656
110838
111020
111202
111384
111566
111748
111930
112112
112294
112476
112658
112840
113022
113204
113386
113568
113750
113932
114114
114296
114478
114660
114842
115024
115206
115388
115570
115752
115934
116116
116298
116480
116662
116844
117026
117208
117390
117572
117754
117936
118118
118300
118482
118664
118846
119028
119210
119392
119574
119756
119938
120120
120302
120484
120666
120848
121030
121212
121394
121576
121758
121940
122122
122304
122486
122668
122850
123032
123214
123396
123578
123760
123942
124124
124306
124488
124670
124852
125034
125216
125398
125580
125762
125944
126126
126308
126490
126672
126854
127036
127218
127400
127582
127764
127946
128128
128310
128492
128674
128856
129038
129220
129402
129584
129766
129948
130130
130312
130494
130676
130858
131040
131222
131404
131586
131768
131950
132132
132314
132496
132678
132860
133042
133224
133406
133588
133770
133952
134134
134316
134498
134680
134862
135044
135226
135408
135590
135772
135954
136136
136318
136500
136682
136864
137046
137228
137410
137592
137774
137956
138138
138320
138502
138684
138866
139048
139230
139412
139594
139776
139958
140140
140322
140504
140686
140868
141050
141232
141414
141596
141778
141960
142142
142324
142506
142688
142870
143052
143234
143416
143598
143780
143962
144144
144326
144508
144690
144872
145054
145236
145418
145600
145782
145964
146146
146328
146510
146692
146874
147056
147238
147420
147602
147784
147966
148148
148330
148512
148694
148876
149058
149240
149422
149604
149786
149968
150150
150332
150514
150696
150878
151060
151242
151424
151606
151788
151970
152152
152334
152516
152698
152880
153062
153244
153426
153608
153790
153972
154154
154336
154518
154700
154882
155064
155246
155428
155610
155792
155974
156156
156338
156520
156702
156884
157066
157248
157430
157612
157794
157976
158158
158340
158522
158704
158886
159068
159250
159432
159614
159796
159978
160160
160342
160524
160706
160888
161070
161252
161434
161616
161798
161980
162162
162344
162526
162708
162890
163072
163254
163436
163618
163800
163982
164164
164346
164528
164710
164892
165074
165256
165438
165620
165802
165984
166166
166348
166530
166712
166894
167076
167258
167440
167622
167804
167986
168168
168350
168532
168714
168896
169078
169260
169442
169624
169806
169988
170170
170352
170534
170716
170898
171080
171262
171444
171626
171808
171990
172172
172354
172536
172718
172900
173082
173264
173446
173628
173810
173992
174174
174356
174538
174720
174902
175084
175266
175448
175630
175812
175994
176176
176358
176540
176722
176904
177086
177268
177450
177632
177814
177996
178178
178360
178542
178724
178906
179088
179270
179452
179634
179816
179998
180180
180362
180544
180726
180908
181090
181272
181454
181636
181818
182000
182182
182364
182546
182728
182910
183092
183274
183456
183638
183820
184002
184184
184366
184548
184730
184912
185094
185276
185458
185640
185822
186004
186186
186368
186550
186732
186914
187096
187278
187460
187642
187824
188006
188188
188370
188552
188734
188916
189098
189280
189462
189644
189826
190008
190190
190372
190554
190736
190918
191100
191282
191464
191646
191828
192010
192192
192374
192556
192738
192920
193102
193284
193466
193648
193830
194012
194194
194376
194558
194740
194922
195104
195286
195468
195650
195832
196014
196196
196378
196560
196742
196924
197106
197288
197470
197652
197834
198016
198198
198380
198562
198744
198926
199108
199290
199472
199654
199836
200018
200200
200382
200564
200746
200928
201110
201292
201474
201656
201838
202020
202202
202384
202566
202748
202930
203112
203294
203476
203658
203840
204022
204204
204386
204568
204750
204932
205114
205296
205478
205660
205842
206024
206206
206388
206570
206752
206934
207116
207298
207480
207662
207844
208026
208208
208390
208572
208754
208936
209118
209300
209482
209664
209846
210028
210210
210392
210574
210756
210938
211120
211302
211484
211666
211848
212030
212212
212394
212576
212758
212940
213122
213304
213486
213668
213850
214032
214214
214396
214578
214760
214942
215124
215306
215488
215670
215852
216034
216216
216398
216580
216762
216944
217126
217308
217490
217672
217854
218036
218218
218400
218582
218764
218946
219128
219310
219492
219674
219856
220038
220220
220402
220584
220766
220948
221130
221312
221494
221676
221858
222040
222222
222404
222586
222768
222950
223132
223314
223496
223678
223860
224042
224224
224406
224588
224770
224952
225134
225316
225498
225680
225862
226044
226226
226408
226590
226772
226954
227136
227318
227500
227682
227864
228046
228228
228410
228592
228774
228956182
364
546
728
910
1092
1274
1456
1638
1820
2002
2184
2366
2548
2730
2912
3094
3276
3458
3640
3822
4004
4186
4368
4550
4732
4914
5096
5278
5460
5642
5824
6006
6188
6370
6552
6734
6916
7098
7280
7462
7644
7826
8008
8190
8372
8554
8736
8918
9100
9282
9464
9646
9828
10010
10192
10374
10556
10738
10920
11102
11284
11466
11648
11830
12012
12194
12376
12558
12740
12922
13104
13286
13468
13650
13832
14014
14196
14378
14560
14742
14924
15106
15288
15470
15652
15834
16016
16198
16380
16562
16744
16926
17108
17290
17472
17654
17836
18018
18200
18382
18564
18746
18928
19110
19292
19474
19656
19838
20020
20202
20384
20566
20748
20930
21112
21294
21476
21658
21840
22022
22204
22386
22568
22750
22932
23114
23296
23478
23660
23842
24024
24206
24388
24570
24752
24934
25116
25298
25480
25662
25844
26026
26208
26390
26572
26754
26936
27118
27300
27482
27664
27846
28028
28210
28392
28574
28756
28938
29120
29302
29484
29666
29848
30030
30212
30394
30576
30758
30940
31122
31304
31486
31668
31850
32032
32214
32396
32578
32760
32942
33124
33306
33488
33670
33852
34034
34216
34398
34580
34762
34944
35126
35308
35490
35672
35854
36036
36218
36400
36582
36764
36946
37128
37310
37492
37674
37856
38038
38220
38402
38584
38766
38948
39130
39312
39494
39676
39858
40040
40222
40404
40586
40768
40950
41132
41314
41496
41678
41860
42042
42224
42406
42588
42770
42952
43134
43316
43498
43680
43862
44044
44226
44408
44590
44772
44954
45136
45318
45500
45682
45864
46046
46228
46410
46592
46774
46956
47138
47320
47502
47684
47866
48048
48230
48412
48594
48776
48958
49140
49322
49504
49686
49868
50050
50232
50414
50596
50778
50960
51142
51324
51506
51688
51870
52052
52234
52416
52598
52780
52962
53144
53326
53508
53690
53872
54054
54236
54418
54600
54782
54964
55146
55328
55510
55692
55874
56056
56238
56420
56602
56784
56966
57148
57330
57512
57694
57876
58058
58240
58422
58604
58786
58968
59150
59332
59514
59696
59878
60060
60242
60424
60606
60788
60970
61152
61334
61516
61698
61880
62062
62244
62426
62608
62790
62972
63154
63336
63518
63700
63882
64064
64246
64428
64610
64792
64974
65156
65338
65520
65702
65884
66066
66248
66430
66612
66794
66976
67158
67340
67522
67704
67886
68068
68250
68432
68614
68796
68978
69160
69342
69524
69706
69888
70070
70252
70434
70616
70798
70980
71162
71344
71526
71708
71890
72072
72254
72436
72618
72800
72982
73164
73346
73528
73710
73892
74074
74256
74438
74620
74802
74984
75166
75348
75530
75712
75894
76076
76258
76440
76622
76804
76986
77168
77350
77532
77714
77896
78078
78260
78442
78624
78806
78988
79170
79352
79534
79716
79898
80080
80262
80444
80626
80808
80990
81172
81354
81536
81718
81900
82082
82264
82446
82628
82810
82992
83174
83356
83538
83720
83902
84084
84266
84448
84630
84812
84994
85176
85358
85540
85722
85904
86086
86268
86450
86632
86814
86996
87178
87360
87542
87724
87906
88088
88270
88452
88634
88816
88998
89180
89362
89544
89726
89908
90090
90272
90454
90636
90818
91000
91182
91364
91546
91728
91910
92092
92274
92456
92638
92820
93002
93184
93366
93548
93730
93912
94094
94276
94458
94640
94822
95004
95186
95368
95550
95732
95914
96096
96278
96460
96642
96824
97006
97188
97370
97552
97734
97916
98098
98280
98462
98644
98826
99008
99190
99372
99554
99736
99918
100100
100282
100464
100646
100828
101010
101192
101374
101556
101738
101920
102102
102284
102466
102648
102830
103012
103194
103376
103558
103740
103922
104104
104286
104468
104650
104832
105014
105196
105378
105560
105742
105924
106106
106288
106470
106652
106834
107016
107198
107380
107562
107744
107926
108108
108290
108472
108654
108836
109018
109200
109382
109564
109746
109928
110110
110292
110474
110656
110838
111020
111202
111384
111566
111748
111930
112112
112294
112476
112658
112840
113022
113204
113386
113568
113750
113932
114114
114296
114478
114660
114842
115024
115206
115388
115570
115752
115934
116116
116298
116480
116662
116844
117026
117208
117390
117572
117754
117936
118118
118300
118482
118664
118846
119028
119210
119392
119574
119756
119938
120120
120302
120484
120666
120848
121030
121212
121394
121576
121758
121940
122122
122304
122486
122668
122850
123032
123214
123396
123578
123760
123942
124124
124306
124488
124670
124852
125034
125216
125398
125580
125762
125944
126126
126308
126490
126672
126854
127036
127218
127400
127582
127764
127946
128128
128310
128492
128674
128856
129038
129220
129402
129584
129766
129948
130130
130312
130494
130676
130858
131040
131222
131404
131586
131768
131950
132132
132314
132496
132678
132860
133042
133224
133406
133588
133770
133952
134134
134316
134498
134680
134862
135044
135226
135408
135590
135772
135954
136136
136318
136500
136682
136864
137046
137228
137410
137592
137774
137956
138138
138320
138502
138684
138866
139048
139230
139412
139594
139776
139958
140140
140322
140504
140686
140868
141050
141232
141414
141596
141778
141960
142142
142324
142506
142688
142870
143052
143234
143416
143598
143780
143962
144144
144326
144508
144690
144872
145054
145236
145418
145600
145782
145964
146146
146328
146510
146692
146874
147056
147238
147420
147602
147784
147966
148148
148330
148512
148694
148876
149058
149240
149422
149604
149786
149968
150150
150332
150514
150696
150878
151060
151242
151424
151606
151788
151970
152152
152334
152516
152698
152880
153062
153244
153426
153608
153790
153972
154154
154336
154518
154700
154882
155064
155246
155428
155610
155792
155974
156156
156338
156520
156702
156884
157066
157248
157430
157612
157794
157976
158158
158340
158522
158704
158886
159068
159250
159432
159614
159796
159978
160160
160342
160524
160706
160888
161070
161252
161434
161616
161798
161980
162162
162344
162526
162708
162890
163072
163254
163436
163618
163800
163982
164164
164346
164528
164710
164892
165074
165256
165438
165620
165802
165984
166166
166348
166530
166712
166894
167076
167258
167440
167622
167804
167986
168168
168350
168532
168714
168896
169078
169260
169442
169624
169806
169988
170170
170352
170534
170716
170898
171080
171262
171444
171626
171808
171990
172172
172354
172536
172718
172900
173082
173264
173446
173628
173810
173992
174174
174356
174538
174720
174902
175084
175266
175448
175630
175812
175994
176176
176358
176540
176722
176904
177086
177268
177450
177632
177814
177996
178178
178360
178542
178724
178906
179088
179270
179452
179634
179816
179998
180180
180362
180544
180726
180908
181090
181272
181454
181636
181818
182000
182182
182364
182546
182728
182910
183092
183274
183456
183638
183820
184002
184184
184366
184548
184730
184912
185094
185276
185458
185640
185822
186004
186186
186368
186550
186732
186914
187096
187278
187460
187642
187824
188006
188188
188370
188552
188734
188916
189098
189280
189462
189644
189826
190008
190190
190372
190554
190736
190918
191100
191282
191464
191646
191828
192010
192192
192374
192556
192738
192920
193102
193284
193466
193648
193830
194012
194194
194376
194558
194740
194922
195104
195286
195468
195650
195832
196014
196196
196378
196560
196742
196924
197106
197288
197470
197652
197834
198016
198198
198380
198562
198744
198926
199108
199290
199472
199654
199836
200018
200200
200382
200564
200746
200928
201110
201292
201474
201656
201838
202020
202202
202384
202566
202748
202930
203112
203294
203476
203658
203840
204022
204204
204386
204568
204750
204932
205114
205296
205478
205660
205842
206024
206206
206388
206570
206752
206934
207116
207298
207480
207662
207844
208026
208208
208390
208572
208754
208936
209118
209300
209482
209664
209846
210028
210210
210392
210574
210756
210938
211120
211302
211484
211666
211848
212030
212212
212394
212576
212758
212940
213122
213304
213486
213668
213850
214032
214214
214396
214578
214760
214942
215124
215306
215488
215670
215852
216034
216216
216398
216580
216762
216944
217126
217308
217490
217672
217854
218036
218218
218400
218582
218764
218946
219128
219310
219492
219674
219856
220038
220220
220402
220584
220766
220948
221130
221312
221494
221676
221858
222040
222222
222404
222586
222768
222950
223132
223314
223496
223678
223860
224042
224224
224406
224588
224770
224952
225134
225316
225498
225680
225862
226044
226226
226408
226590
226772
226954
227136
227318
227500
227682
227864
228046
228228
228410
228592
228774
228956182
364
546
728
910
1092
1274
1456
1638
1820
2002
2184
2366
2548
2730
2912
3094
3276
3458
3640
3822
4004
4186
4368
4550
4732
4914
5096
5278
5460
5642
5824
6006
6188
6370
6552
6734
6916
7098
7280
7462
7644
7826
8008
8190
8372
8554
8736
8918
9100
9282
9464
9646
9828
10010
10192
10374
10556
10738
10920
11102
11284
11466
11648
11830
12012
12194
12376
12558
12740
12922
13104
13286
13468
13650
13832
14014
14196
14378
14560
14742
14924
15106
15288
15470
15652
15834
16016
16198
16380
16562
16744
16926
17108
17290
17472
17654
17836
18018
18200
18382
18564
18746
18928
19110
19292
19474
19656
19838
20020
20202
20384
20566
20748
20930
21112
21294
21476
21658
21840
22022
22204
22386
22568
22750
22932
23114
23296
23478
23660
23842
24024
24206
24388
24570
24752
24934
25116
25298
25480
25662
25844
26026
26208
26390
26572
26754
26936
27118
27300
27482
27664
27846
28028
28210
28392
28574
28756
28938
29120
29302
29484
29666
29848
30030
30212
30394
30576
30758
30940
31122
31304
31486
31668
31850
32032
32214
32396
32578
32760
32942
33124
33306
33488
33670
33852
34034
34216
34398
34580
34762
34944
35126
35308
35490
35672
35854
36036
36218
36400
36582
36764
36946
37128
37310
37492
37674
37856
38038
38220
38402
38584
38766
38948
39130
39312
39494
39676
39858
40040
40222
40404
40586
40768
40950
41132
41314
41496
41678
41860
42042
42224
42406
42588
42770
42952
43134
43316
43498
43680
43862
44044
44226
44408
44590
44772
44954
45136
45318
45500
45682
45864
46046
46228
46410
46592
46774
46956
47138
47320
47502
47684
47866
48048
48230
48412
48594
48776
48958
49140
49322
49504
49686
49868
50050
50232
50414
50596
50778
50960
51142
51324
51506
51688
51870
52052
52234
52416
52598
52780
52962
53144
53326
53508
53690
53872
54054
54236
54418
54600
54782
54964
55146
55328
55510
55692
55874
56056
56238
56420
56602
56784
56966
57148
57330
57512
57694
57876
58058
58240
58422
58604
58786
58968
59150
59332
59514
59696
59878
60060
60242
60424
60606
60788
60970
61152
61334
61516
61698
61880
62062
62244
62426
62608
62790
62972
63154
63336
63518
63700
63882
64064
64246
64428
64610
64792
64974
65156
65338
65520
65702
65884
66066
66248
66430
66612
66794
66976
67158
67340
67522
67704
67886
68068
68250
68432
68614
68796
68978
69160
69342
69524
69706
69888
70070
70252
70434
70616
70798
70980
71162
71344
71526
71708
71890
72072
72254
72436
72618
72800
72982
73164
73346
73528
73710
73892
74074
74256
74438
74620
74802
74984
75166
75348
75530
75712
75894
76076
76258
76440
76622
76804
76986
77168
77350
77532
77714
77896
78078
78260
78442
78624
78806
78988
79170
79352
79534
79716
79898
80080
80262
80444
80626
80808
80990
81172
81354
81536
81718
81900
82082
82264
82446
82628
82810
82992
83174
83356
83538
83720
83902
84084
84266
84448
84630
84812
84994
85176
85358
85540
85722
85904
86086
86268
86450
86632
86814
86996
87178
87360
87542
87724
87906
88088
88270
88452
88634
88816
88998
89180
89362
89544
89726
89908
90090
90272
90454
90636
90818
91000
91182
91364
91546
91728
91910
92092
92274
92456
92638
92820
93002
93184
93366
93548
93730
93912
94094
94276
94458
94640
94822
95004
95186
95368
95550
95732
95914
96096
96278
96460
96642
96824
97006
97188
97370
97552
97734
97916
98098
98280
98462
98644
98826
99008
99190
99372
99554
99736
99918
100100
100282
100464
100646
100828
101010
101192
101374
101556
101738
101920
102102
102284
102466
102648
102830
103012
103194
103376
103558
103740
103922
104104
104286
104468
104650
104832
105014
105196
105378
105560
105742
105924
106106
106288
106470
106652
106834
107016
107198
107380
107562
107744
107926
108108
108290
108472
108654
108836
109018
109200
109382
109564
109746
109928
110110
110292
110474
110656
110838
111020
111202
111384
111566
111748
111930
112112
112294
112476
112658
112840
113022
113204
113386
113568
113750
113932
114114
114296
114478
114660
114842
115024
115206
115388
115570
115752
115934
116116
116298
116480
116662
116844
117026
117208
117390
117572
117754
117936
118118
118300
118482
118664
118846
119028
119210
119392
119574
119756
119938
120120
120302
120484
120666
120848
121030
121212
121394
121576
121758
121940
122122
122304
122486
122668
122850
123032
123214
123396
123578
123760
123942
124124
124306
124488
124670
124852
125034
125216
125398
125580
125762
125944
126126
126308
126490
126672
126854
127036
127218
127400
127582
127764
127946
128128
128310
128492
128674
128856
129038
129220
129402
129584
129766
129948
130130
130312
130494
130676
130858
131040
131222
131404
131586
131768
131950
132132
132314
132496
132678
132860
133042
133224
133406
133588
133770
133952
134134
134316
134498
134680
134862
135044
135226
135408
135590
135772
135954
136136
136318
136500
136682
136864
137046
137228
137410
137592
137774
137956
138138
138320
138502
138684
138866
139048
139230
139412
139594
139776
139958
140140
140322
140504
140686
140868
141050
141232
141414
141596
141778
141960
142142
142324
142506
142688
142870
143052
143234
143416
143598
143780
143962
144144
144326
144508
144690
144872
145054
145236
145418
145600
145782
145964
146146
146328
146510
146692
146874
147056
147238
147420
147602
147784
147966
148148
148330
148512
148694
148876
149058
149240
149422
149604
149786
149968
150150
150332
150514
150696
150878
151060
151242
151424
151606
151788
151970
152152
152334
152516
152698
152880
153062
153244
153426
153608
153790
153972
154154
154336
154518
154700
154882
155064
155246
155428
155610
155792
155974
156156
156338
156520
156702
156884
157066
157248
157430
157612
157794
157976
158158
158340
158522
158704
158886
159068
159250
159432
159614
159796
159978
160160
160342
160524
160706
160888
161070
161252
161434
161616
161798
161980
162162
162344
162526
162708
162890
163072
163254
163436
163618
163800
163982
164164
164346
164528
164710
164892
165074
165256
165438
165620
165802
165984
166166
166348
166530
166712
166894
167076
167258
167440
167622
167804
167986
168168
168350
168532
168714
168896
169078
169260
169442
169624
169806
169988
170170
170352
170534
170716
170898
171080
171262
171444
171626
171808
171990
172172
172354
172536
172718
172900
173082
173264
173446
173628
173810
173992
174174
174356
174538
174720
174902
175084
175266
175448
175630
175812
175994
176176
176358
176540
176722
176904
177086
177268
177450
177632
177814
177996
178178
178360
178542
178724
178906
179088
179270
179452
179634
179816
179998
180180
180362
180544
180726
180908
181090
181272
181454
181636
181818
182000
182182
182364
182546
182728
182910
183092
183274
183456
183638
183820
184002
184184
184366
184548
184730
184912
185094
185276
185458
185640
185822
186004
186186
186368
186550
186732
186914
187096
187278
187460
187642
187824
188006
188188
188370
188552
188734
188916
189098
189280
189462
189644
189826
190008
190190
190372
190554
190736
190918
191100
191282
191464
191646
191828
192010
192192
192374
192556
192738
192920
193102
193284
193466
193648
193830
194012
194194
194376
194558
194740
194922
195104
195286
195468
195650
195832
196014
196196
196378
196560
196742
196924
197106
197288
197470
197652
197834
198016
198198
198380
198562
198744
198926
199108
199290
199472
199654
199836
200018
200200
200382
200564
200746
200928
201110
201292
201474
201656
201838
202020
202202
202384
202566
202748
202930
203112
203294
203476
203658
203840
204022
204204
204386
204568
204750
204932
205114
205296
205478
205660
205842
206024
206206
206388
206570
206752
206934
207116
207298
207480
207662
207844
208026
208208
208390
208572
208754
208936
209118
209300
209482
209664
209846
210028
210210
210392
210574
210756
210938
211120
211302
211484
211666
211848
212030
212212
212394
212576
212758
212940
213122
213304
213486
213668
213850
214032
214214
214396
214578
214760
214942
215124
215306
215488
215670
215852
216034
216216
216398
216580
216762
216944
217126
217308
217490
217672
217854
218036
218218
218400
218582
218764
218946
219128
219310
219492
219674
219856
220038
220220
220402
220584
220766
220948
221130
221312
221494
221676
221858
222040
222222
222404
222586
222768
222950
223132
223314
223496
223678
223860
224042
224224
224406
224588
224770
224952
225134
225316
225498
225680
225862
226044
226226
226408
226590
226772
226954
227136
227318
227500
227682
227864
228046
228228
228410
228592
228774
228956182
364
546
728
910
1092
1274
1456
1638
1820
2002
2184
2366
2548
2730
2912
3094
3276
3458
3640
3822
4004
4186
4368
4550
4732
4914
5096
5278
5460
5642
5824
6006
6188
6370
6552
6734
6916
7098
7280
7462
7644
7826
8008
8190
8372
8554
8736
8918
9100
9282
9464
9646
9828
10010
10192
10374
10556
10738
10920
11102
11284
11466
11648
11830
12012
12194
12376
12558
12740
12922
13104
13286
13468
13650
13832
14014
14196
14378
14560
14742
14924
15106
15288
15470
15652
15834
16016
16198
16380
16562
16744
16926
17108
17290
17472
17654
17836
18018
18200
18382
18564
18746
18928
19110
19292
19474
19656
19838
20020
20202
20384
20566
20748
20930
21112
21294
21476
21658
21840
22022
22204
22386
22568
22750
22932
23114
23296
23478
23660
23842
24024
24206
24388
24570
24752
24934
25116
25298
25480
25662
25844
26026
26208
26390
26572
26754
26936
27118
27300
27482
27664
27846
28028
28210
28392
28574
28756
28938
29120
29302
29484
29666
29848
30030
30212
30394
30576
30758
30940
31122
31304
31486
31668
31850
32032
32214
32396
32578
32760
32942
33124
33306
33488
33670
33852
34034
34216
34398
34580
34762
34944
35126
35308
35490
35672
35854
36036
36218
36400
36582
36764
36946
37128
37310
37492
37674
37856
38038
38220
38402
38584
38766
38948
39130
39312
39494
39676
39858
40040
40222
40404
40586
40768
40950
41132
41314
41496
41678
41860
42042
42224
42406
42588
42770
42952
43134
43316
43498
43680
43862
44044
44226
44408
44590
44772
44954
45136
45318
45500
45682
45864
46046
46228
46410
46592
46774
46956
47138
47320
47502
47684
47866
48048
48230
48412
48594
48776
48958
49140
49322
49504
49686
49868
50050
50232
50414
50596
50778
50960
51142
51324
51506
51688
51870
52052
52234
52416
52598
52780
52962
53144
53326
53508
53690
53872
54054
54236
54418
54600
54782
54964
55146
55328
55510
55692
55874
56056
56238
56420
56602
56784
56966
57148
57330
57512
57694
57876
58058
58240
58422
58604
58786
58968
59150
59332
59514
59696
59878
60060
60242
60424
60606
60788
60970
61152
61334
61516
61698
61880
62062
62244
62426
62608
62790
62972
63154
63336
63518
63700
63882
64064
64246
64428
64610
64792
64974
65156
65338
65520
65702
65884
66066
66248
66430
66612
66794
66976
67158
67340
67522
67704
67886
68068
68250
68432
68614
68796
68978
69160
69342
69524
69706
69888
70070
70252
70434
70616
70798
70980
71162
71344
71526
71708
71890
72072
72254
72436
72618
72800
72982
73164
73346
73528
73710
73892
74074
74256
74438
74620
74802
74984
75166
75348
75530
75712
75894
76076
76258
76440
76622
76804
76986
77168
77350
77532
77714
77896
78078
78260
78442
78624
78806
78988
79170
79352
79534
79716
79898
80080
80262
80444
80626
80808
80990
81172
81354
81536
81718
81900
82082
82264
82446
82628
82810
82992
83174
83356
83538
83720
83902
84084
84266
84448
84630
84812
84994
85176
85358
85540
85722
85904
86086
86268
86450
86632
86814
86996
87178
87360
87542
87724
87906
88088
88270
88452
88634
88816
88998
89180
89362
89544
89726
89908
90090
90272
90454
90636
90818
91000
91182
91364
91546
91728
91910
92092
92274
92456
92638
92820
93002
93184
93366
93548
93730
93912
94094
94276
94458
94640
94822
95004
95186
95368
95550
95732
95914
96096
96278
96460
96642
96824
97006
97188
97370
97552
97734
97916
98098
98280
98462
98644
98826
99008
99190
99372
99554
99736
99918
100100
100282
100464
100646
100828
101010
101192
101374
101556
101738
101920
102102
102284
102466
102648
102830
103012
103194
103376
103558
103740
103922
104104
104286
104468
104650
104832
105014
105196
105378
105560
105742
105924
106106
106288
106470
106652
106834
107016
107198
107380
107562
107744
107926
108108
108290
108472
108654
108836
109018
109200
109382
109564
109746
109928
110110
110292
110474
110656
110838
111020
111202
111384
111566
111748
111930
112112
112294
112476
112658
112840
113022
113204
113386
113568
113750
113932
114114
114296
114478
114660
114842
115024
115206
115388
115570
115752
115934
116116
116298
116480
116662
116844
117026
117208
117390
117572
117754
117936
118118
118300
118482
118664
118846
119028
119210
119392
119574
119756
119938
120120
120302
120484
120666
120848
121030
121212
121394
121576
121758
121940
122122
122304
122486
122668
122850
123032
123214
123396
123578
123760
123942
124124
124306
124488
124670
124852
125034
125216
125398
125580
125762
125944
126126
126308
126490
126672
126854
127036
127218
127400
127582
127764
127946
128128
128310
128492
128674
128856
129038
129220
129402
129584
129766
129948
130130
130312
130494
130676
130858
131040
131222
131404
131586
131768
131950
132132
132314
132496
132678
132860
133042
133224
133406
133588
133770
133952
134134
134316
134498
134680
134862
135044
135226
135408
135590
135772
135954
136136
136318
136500
136682
136864
137046
137228
137410
137592
137774
137956
138138
138320
138502
138684
138866
139048
139230
139412
139594
139776
139958
140140
140322
140504
140686
140868
141050
141232
141414
141596
141778
141960
142142
142324
142506
142688
142870
143052
143234
143416
143598
143780
143962
144144
144326
144508
144690
144872
145054
145236
145418
145600
145782
145964
146146
146328
146510
146692
146874
147056
147238
147420
147602
147784
147966
148148
148330
148512
148694
148876
149058
149240
149422
149604
149786
149968
150150
150332
150514
150696
150878
151060
151242
151424
151606
151788
151970
152152
152334
152516
152698
152880
153062
153244
153426
153608
153790
153972
154154
154336
154518
154700
154882
155064
155246
155428
155610
155792
155974
156156
156338
156520
156702
156884
157066
157248
157430
157612
157794
157976
158158
158340
158522
158704
158886
159068
159250
159432
159614
159796
159978
160160
160342
160524
160706
160888
161070
161252
161434
161616
161798
161980
162162
162344
162526
162708
162890
163072
163254
163436
163618
163800
163982
164164
164346
164528
164710
164892
165074
165256
165438
165620
165802
165984
166166
166348
166530
166712
166894
167076
167258
167440
167622
167804
167986
168168
168350
168532
168714
168896
169078
169260
169442
169624
169806
169988
170170
170352
170534
170716
170898
171080
171262
171444
171626
171808
171990
172172
172354
172536
172718
172900
173082
173264
173446
173628
173810
173992
174174
174356
174538
174720
174902
175084
175266
175448
175630
175812
175994
176176
176358
176540
176722
176904
177086
177268
177450
177632
177814
177996
178178
178360
178542
178724
178906
179088
179270
179452
179634
179816
179998
180180
180362
180544
180726
180908
181090
181272
181454
181636
181818
182000
182182
182364
182546
182728
182910
183092
183274
183456
183638
183820
184002
184184
184366
184548
184730
184912
185094
185276
185458
185640
185822
186004
186186
186368
186550
186732
186914
187096
187278
187460
187642
187824
188006
188188
188370
188552
188734
188916
189098
189280
189462
189644
189826
190008
190190
190372
190554
190736
190918
191100
191282
191464
191646
191828
192010
192192
192374
192556
192738
192920
193102
193284
193466
193648
193830
194012
194194
194376
194558
194740
194922
195104
195286
195468
195650
195832
196014
196196
196378
196560
196742
196924
197106
197288
197470
197652
197834
198016
198198
198380
198562
198744
198926
199108
199290
199472
199654
199836
200018
200200
200382
200564
200746
200928
201110
201292
201474
201656
201838
202020
202202
202384
202566
202748
202930
203112
203294
203476
203658
203840
204022
204204
204386
204568
204750
204932
205114
205296
205478
205660
205842
206024
206206
206388
206570
206752
206934
207116
207298
207480
207662
207844
208026
208208
208390
208572
208754
208936
209118
209300
209482
209664
209846
210028
210210
210392
210574
210756
210938
211120
211302
211484
211666
211848
212030
212212
212394
212576
212758
212940
213122
213304
213486
213668
213850
214032
214214
214396
214578
214760
214942
215124
215306
215488
215670
215852
216034
216216
216398
216580
216762
216944
217126
217308
217490
217672
217854
218036
218218
218400
218582
218764
218946
219128
219310
219492
219674
219856
220038
220220
220402
220584
220766
220948
221130
221312
221494
221676
221858
222040
222222
222404
222586
222768
222950
223132
223314
223496
223678
223860
224042
224224
224406
224588
224770
224952
225134
225316
225498
225680
225862
226044
226226
226408
226590
226772
226954
227136
227318
227500
227682
227864
228046
228228
228410
228592
228774
228956182
364
546
728
910
1092
1274
1456
1638
1820
2002
2184
2366
2548
2730
2912
3094
3276
3458
3640
3822
4004
4186
4368
4550
4732
4914
5096
5278
5460
5642
5824
6006
6188
6370
6552
6734
6916
7098
7280
7462
7644
7826
8008
8190
8372
8554
8736
8918
9100
9282
9464
9646
9828
10010
10192
10374
10556
10738
10920
11102
11284
11466
11648
11830
12012
12194
12376
12558
12740
12922
13104
13286
13468
13650
13832
14014
14196
14378
14560
14742
14924
15106
15288
15470
15652
15834
16016
16198
16380
16562
16744
16926
17108
17290
17472
17654
17836
18018
18200
18382
18564
18746
18928
19110
19292
19474
19656
19838
20020
20202
20384
20566
20748
20930
21112
21294
21476
21658
21840
22022
22204
22386
22568
22750
22932
23114
23296
23478
23660
23842
24024
24206
24388
24570
24752
24934
25116
25298
25480
25662
25844
26026
26208
26390
26572
26754
26936
27118
27300
27482
27664
27846
28028
28210
28392
28574
28756
28938
29120
29302
29484
29666
29848
30030
30212
30394
30576
30758
30940
31122
31304
31486
31668
31850
32032
32214
32396
32578
32760
32942
33124
33306
33488
33670
33852
34034
34216
34398
34580
34762
34944
35126
35308
35490
35672
35854
36036
36218
36400
36582
36764
36946
37128
37310
37492
37674
37856
38038
38220
38402
38584
38766
38948
39130
39312
39494
39676
39858
40040
40222
40404
40586
40768
40950
41132
41314
41496
41678
41860
42042
42224
42406
42588
42770
42952
43134
43316
43498
43680
43862
44044
44226
44408
44590
44772
44954
45136
45318
45500
45682
45864
46046
46228
46410
46592
46774
46956
47138
47320
47502
47684
47866
48048
48230
48412
48594
48776
48958
49140
49322
49504
49686
49868
50050
50232
50414
50596
50778
50960
51142
51324
51506
51688
51870
52052
52234
52416
52598
52780
52962
53144
53326
53508
53690
53872
54054
54236
54418
54600
54782
54964
55146
55328
55510
55692
55874
56056
56238
56420
56602
56784
56966
57148
57330
57512
57694
57876
58058
58240
58422
58604
58786
58968
59150
59332
59514
59696
59878
60060
60242
60424
60606
60788
60970
61152
61334
61516
61698
61880
62062
62244
62426
62608
62790
62972
63154
63336
63518
63700
63882
64064
64246
64428
64610
64792
64974
65156
65338
65520
65702
65884
66066
66248
66430
66612
66794
66976
67158
67340
67522
67704
67886
68068
68250
68432
68614
68796
68978
69160
69342
69524
69706
69888
70070
70252
70434
70616
70798
70980
71162
71344
71526
71708
71890
72072
72254
72436
72618
72800
72982
73164
73346
73528
73710
73892
74074
74256
74438
74620
74802
74984
75166
75348
75530
75712
75894
76076
76258
76440
76622
76804
76986
77168
77350
77532
77714
77896
78078
78260
78442
78624
78806
78988
79170
79352
79534
79716
79898
80080
80262
80444
80626
80808
80990
81172
81354
81536
81718
81900
82082
82264
82446
82628
82810
82992
83174
83356
83538
83720
83902
84084
84266
84448
84630
84812
84994
85176
85358
85540
85722
85904
86086
86268
86450
86632
86814
86996
87178
87360
87542
87724
87906
88088
88270
88452
88634
88816
88998
89180
89362
89544
89726
89908
90090
90272
90454
90636
90818
91000
91182
91364
91546
91728
91910
92092
92274
92456
92638
92820
93002
93184
93366
93548
93730
93912
94094
94276
94458
94640
94822
95004
95186
95368
95550
95732
95914
96096
96278
96460
96642
96824
97006
97188
97370
97552
97734
97916
98098
98280
98462
98644
98826
99008
99190
99372
99554
99736
99918
100100
100282
100464
100646
100828
101010
101192
101374
101556
101738
101920
102102
102284
102466
102648
102830
103012
103194
103376
103558
103740
103922
104104
104286
104468
104650
104832
105014
105196
105378
105560
105742
105924
106106
106288
106470
106652
106834
107016
107198
107380
107562
107744
107926
108108
108290
108472
108654
108836
109018
109200
109382
109564
109746
109928
110110
110292
110474
110656
110838
111020
111202
111384
111566
111748
111930
112112
112294
112476
112658
112840
113022
113204
113386
113568
113750
113932
114114
114296
114478
114660
114842
115024
115206
115388
115570
115752
115934
116116
116298
116480
116662
116844
117026
117208
117390
117572
117754
117936
118118
118300
118482
118664
118846
119028
119210
119392
119574
119756
119938
120120
120302
120484
120666
120848
121030
121212
121394
121576
121758
121940
122122
122304
122486
122668
122850
123032
123214
123396
123578
123760
123942
124124
124306
124488
124670
124852
125034
125216
125398
125580
125762
125944
126126
126308
126490
126672
126854
127036
127218
127400
127582
127764
127946
128128
128310
128492
128674
128856
129038
129220
129402
129584
129766
129948
130130
130312
130494
130676
130858
131040
131222
131404
131586
131768
131950
132132
132314
132496
132678
132860
133042
133224
133406
133588
133770
133952
134134
134316
134498
134680
134862
135044
135226
135408
135590
135772
135954
136136
136318
136500
136682
136864
137046
137228
137410
137592
137774
137956
138138
138320
138502
138684
138866
139048
139230
139412
139594
139776
139958
140140
140322
140504
140686
140868
141050
141232
141414
141596
141778
141960
142142
142324
142506
142688
142870
143052
143234
143416
143598
143780
143962
144144
144326
144508
144690
144872
145054
145236
145418
145600
145782
145964
146146
146328
146510
146692
146874
147056
147238
147420
147602
147784
147966
148148
148330
148512
148694
148876
149058
149240
149422
149604
149786
149968
150150
150332
150514
150696
150878
151060
151242
151424
151606
151788
151970
152152
152334
152516
152698
152880
153062
153244
153426
153608
153790
153972
154154
154336
154518
154700
154882
155064
155246
155428
155610
155792
155974
156156
156338
156520
156702
156884
157066
157248
157430
157612
157794
157976
158158
158340
158522
158704
158886
159068
159250
159432
159614
159796
159978
160160
160342
160524
160706
160888
161070
161252
161434
161616
161798
161980
162162
162344
162526
162708
162890
163072
163254
163436
163618
163800
163982
164164
164346
164528
164710
164892
165074
165256
165438
165620
165802
165984
166166
166348
166530
166712
166894
167076
167258
167440
167622
167804
167986
168168
168350
168532
168714
168896
169078
169260
169442
169624
169806
169988
170170
170352
170534
170716
170898
171080
171262
171444
171626
171808
171990
172172
172354
172536
172718
172900
173082
173264
173446
173628
173810
173992
174174
174356
174538
174720
174902
175084
175266
175448
175630
175812
175994
176176
176358
176540
176722
176904
177086
177268
177450
177632
177814
177996
178178
178360
178542
178724
178906
179088
179270
179452
179634
179816
179998
180180
180362
180544
180726
180908
181090
181272
181454
181636
181818
182000
182182
182364
182546
182728
182910
183092
183274
183456
183638
183820
184002
184184
184366
184548
184730
184912
185094
185276
185458
185640
185822
186004
186186
186368
186550
186732
186914
187096
187278
187460
187642
187824
188006
188188
188370
188552
188734
188916
189098
189280
189462
189644
189826
190008
190190
190372
190554
190736
190918
191100
191282
191464
191646
191828
192010
192192
192374
192556
192738
192920
193102
193284
193466
193648
193830
194012
194194
194376
194558
194740
194922
195104
195286
195468
195650
195832
196014
196196
196378
196560
196742
196924
197106
197288
197470
197652
197834
198016
198198
198380
198562
198744
198926
199108
199290
199472
199654
199836
200018
200200
200382
200564
200746
200928
201110
201292
201474
201656
201838
202020
202202
202384
202566
202748
202930
203112
203294
203476
203658
203840
204022
204204
204386
204568
204750
204932
205114
205296
205478
205660
205842
206024
206206
206388
206570
206752
206934
207116
207298
207480
207662
207844
208026
208208
208390
208572
208754
208936
209118
209300
209482
209664
209846
210028
210210
210392
210574
210756
210938
211120
211302
211484
211666
211848
212030
212212
212394
212576
212758
212940
213122
213304
213486
213668
213850
214032
214214
214396
214578
214760
214942
215124
215306
215488
215670
215852
216034
216216
216398
216580
216762
216944
217126
217308
217490
217672
217854
218036
218218
218400
218582
218764
218946
219128
219310
219492
219674
219856
220038
220220
220402
220584
220766
220948
221130
221312
221494
221676
221858
222040
222222
222404
222586
222768
222950
223132
223314
223496
223678
223860
224042
224224
224406
224588
224770
224952
225134
225316
225498
225680
225862
226044
226226
226408
226590
226772
226954
227136
227318
227500
227682
227864
228046
228228
228410
228592
228774
228956182
364
546
728
910
1092
1274
1456
1638
1820
2002
2184
2366
2548
2730
2912
3094
3276
3458
3640
3822
4004
4186
4368
4550
4732
4914
5096
5278
5460
5642
5824
6006
6188
6370
6552
6734
6916
7098
7280
7462
7644
7826
8008
8190
8372
8554
8736
8918
9100
9282
9464
9646
9828
10010
10192
10374
10556
10738
10920
11102
11284
11466
11648
11830
12012
12194
12376
12558
12740
12922
13104
13286
13468
13650
13832
14014
14196
14378
14560
14742
14924
15106
15288
15470
15652
15834
16016
16198
16380
16562
16744
16926
17108
17290
17472
17654
17836
18018
18200
18382
18564
18746
18928
19110
19292
19474
19656
19838
20020
20202
20384
20566
20748
20930
21112
21294
21476
21658
21840
22022
22204
22386
22568
22750
22932
23114
23296
23478
23660
23842
24024
24206
24388
24570
24752
24934
25116
25298
25480
25662
25844
26026
26208
26390
26572
26754
26936
27118
27300
27482
27664
27846
28028
28210
28392
28574
28756
28938
29120
29302
29484
29666
29848
30030
30212
30394
30576
30758
30940
31122
31304
31486
31668
31850
32032
32214
32396
32578
32760
32942
33124
33306
33488
33670
33852
34034
34216
34398
34580
34762
34944
35126
35308
35490
35672
35854
36036
36218
36400
36582
36764
36946
37128
37310
37492
37674
37856
38038
38220
38402
38584
38766
38948
39130
39312
39494
39676
39858
40040
40222
40404
40586
40768
40950
41132
41314
41496
41678
41860
42042
42224
42406
42588
42770
42952
43134
43316
43498
43680
43862
44044
44226
44408
44590
44772
44954
45136
45318
45500
45682
45864
46046
46228
46410
46592
46774
46956
47138
47320
47502
47684
47866
48048
48230
48412
48594
48776
48958
49140
49322
49504
49686
49868
50050
50232
50414
50596
50778
50960
51142
51324
51506
51688
51870
52052
52234
52416
52598
52780
52962
53144
53326
53508
53690
53872
54054
54236
54418
54600
54782
54964
55146
55328
55510
55692
55874
56056
56238
56420
56602
56784
56966
57148
57330
57512
57694
57876
58058
58240
58422
58604
58786
58968
59150
59332
59514
59696
59878
60060
60242
60424
60606
60788
60970
61152
61334
61516
61698
61880
62062
62244
62426
62608
62790
62972
63154
63336
63518
63700
63882
64064
64246
64428
64610
64792
64974
65156
65338
65520
65702
65884
66066
66248
66430
66612
66794
66976
67158
67340
67522
67704
67886
68068
68250
68432
68614
68796
68978
69160
69342
69524
69706
69888
70070
70252
70434
70616
70798
70980
71162
71344
71526
71708
71890
72072
72254
72436
72618
72800
72982
73164
73346
73528
73710
73892
74074
74256
74438
74620
74802
74984
75166
75348
75530
75712
75894
76076
76258
76440
76622
76804
76986
77168
77350
77532
77714
77896
78078
78260
78442
78624
78806
78988
79170
79352
79534
79716
79898
80080
80262
80444
80626
80808
80990
81172
81354
81536
81718
81900
82082
82264
82446
82628
82810
82992
83174
83356
83538
83720
83902
84084
84266
84448
84630
84812
84994
85176
85358
85540
85722
85904
86086
86268
86450
86632
86814
86996
87178
87360
87542
87724
87906
88088
88270
88452
88634
88816
88998
89180
89362
89544
89726
89908
90090
90272
90454
90636
90818
91000
91182
91364
91546
91728
91910
92092
92274
92456
92638
92820
93002
93184
93366
93548
93730
93912
94094
94276
94458
94640
94822
95004
95186
95368
95550
95732
95914
96096
96278
96460
96642
96824
97006
97188
97370
97552
97734
97916
98098
98280
98462
98644
98826
99008
99190
99372
99554
99736
99918
100100
100282
100464
100646
100828
101010
101192
101374
101556
101738
101920
102102
102284
102466
102648
102830
103012
103194
103376
103558
103740
103922
104104
104286
104468
104650
104832
105014
105196
105378
105560
105742
105924
106106
106288
106470
106652
106834
107016
107198
107380
107562
107744
107926
108108
108290
108472
108654
108836
109018
109200
109382
109564
109746
109928
110110
110292
110474
110656
110838
111020
111202
111384
111566
111748
111930
112112
112294
112476
112658
112840
113022
113204
113386
113568
113750
113932
114114
114296
114478
114660
114842
115024
115206
115388
115570
115752
115934
116116
116298
116480
116662
116844
117026
117208
117390
117572
117754
117936
118118
118300
118482
118664
118846
119028
119210
119392
119574
119756
119938
120120
120302
120484
120666
120848
121030
121212
121394
121576
121758
121940
122122
122304
122486
122668
122850
123032
123214
123396
123578
123760
123942
124124
124306
124488
124670
124852
125034
125216
125398
125580
125762
125944
126126
126308
126490
126672
126854
127036
127218
127400
127582
127764
127946
128128
128310
128492
128674
128856
129038
129220
129402
129584
129766
129948
130130
130312
130494
130676
130858
131040
131222
131404
131586
131768
131950
132132
132314
132496
132678
132860
133042
133224
133406
133588
133770
133952
134134
134316
134498
134680
134862
135044
135226
135408
135590
135772
135954
136136
136318
136500
136682
136864
137046
137228
137410
137592
137774
137956
138138
138320
138502
138684
138866
139048
139230
139412
139594
139776
139958
140140
140322
140504
140686
140868
141050
141232
141414
141596
141778
141960
142142
142324
142506
142688
142870
143052
143234
143416
143598
143780
143962
144144
144326
144508
144690
144872
145054
145236
145418
145600
145782
145964
146146
146328
146510
146692
146874
147056
147238
147420
147602
147784
147966
148148
148330
148512
148694
148876
149058
149240
149422
149604
149786
149968
150150
150332
150514
150696
150878
151060
151242
151424
151606
151788
151970
152152
152334
152516
152698
152880
153062
153244
153426
153608
153790
153972
154154
154336
154518
154700
154882
155064
155246
155428
155610
155792
155974
156156
156338
156520
156702
156884
157066
157248
157430
157612
157794
157976
158158
158340
158522
158704
158886
159068
159250
159432
159614
159796
159978
160160
160342
160524
160706
160888
161070
161252
161434
161616
161798
161980
162162
162344
162526
162708
162890
163072
163254
163436
163618
163800
163982
164164
164346
164528
164710
164892
165074
165256
165438
165620
165802
165984
166166
166348
166530
166712
166894
167076
167258
167440
167622
167804
167986
168168
168350
168532
168714
168896
169078
169260
169442
169624
169806
169988
170170
170352
170534
170716
170898
171080
171262
171444
171626
171808
171990
172172
172354
172536
172718
172900
173082
173264
173446
173628
173810
173992
174174
174356
174538
174720
174902
175084
175266
175448
175630
175812
175994
176176
176358
176540
176722
176904
177086
177268
177450
177632
177814
177996
178178
178360
178542
178724
178906
179088
179270
179452
179634
179816
179998
180180
180362
180544
180726
180908
181090
181272
181454
181636
181818
182000
182182
182364
182546
182728
182910
183092
183274
183456
183638
183820
184002
184184
184366
184548
184730
184912
185094
185276
185458
185640
185822
186004
186186
186368
186550
186732
186914
187096
187278
187460
187642
187824
188006
188188
188370
188552
188734
188916
189098
189280
189462
189644
189826
190008
190190
190372
190554
190736
190918
191100
191282
191464
191646
191828
192010
192192
192374
192556
192738
192920
193102
193284
193466
193648
193830
194012
194194
194376
194558
194740
194922
195104
195286
195468
195650
195832
196014
196196
196378
196560
196742
196924
197106
197288
197470
197652
197834
198016
198198
198380
198562
198744
198926
199108
199290
199472
199654
199836
200018
200200
200382
200564
200746
200928
201110
201292
201474
201656
201838
202020
202202
202384
202566
202748
202930
203112
203294
203476
203658
203840
204022
204204
204386
204568
204750
204932
205114
205296
205478
205660
205842
206024
206206
206388
206570
206752
206934
207116
207298
207480
207662
207844
208026
208208
208390
208572
208754
208936
209118
209300
209482
209664
209846
210028
210210
210392
210574
210756
210938
211120
211302
211484
211666
211848
212030
212212
212394
212576
212758
212940
213122
213304
213486
213668
213850
214032
214214
214396
214578
214760
214942
215124
215306
215488
215670
215852
216034
216216
216398
216580
216762
216944
217126
217308
217490
217672
217854
218036
218218
218400
218582
218764
218946
219128
219310
219492
219674
219856
220038
220220
220402
220584
220766
220948
221130
221312
221494
221676
221858
222040
222222
222404
222586
222768
222950
223132
223314
223496
223678
223860
224042
224224
224406
224588
224770
224952
225134
225316
225498
225680
225862
226044
226226
226408
226590
226772
226954
227136
227318
227500
227682
227864
182
364
546
728
910
1092
1274
1456
1638
1820
2002
2184
2366
2548
2730
2912
3094
3276
3458
3640
3822
4004
4186
4368
4550
4732
4914
5096
5278
5460
5642
5824
6006
6188
6370
6552
6734
6916
7098
7280
7462
7644
7826
8008
8190
8372
8554
8736
8918
9100
9282
9464
9646
9828
10010
10192
10374
10556
10738
10920
11102
11284
11466
11648
11830
12012
12194
12376
12558
12740
12922
13104
13286
13468
13650
13832
14014
14196
14378
14560
14742
14924
15106
15288
15470
15652
15834
16016
16198
16380
16562
16744
16926
17108
17290
17472
17654
17836
18018
18200
18382
18564
18746
18928
19110
19292
19474
19656
19838
20020
20202
20384
20566
20748
20930
21112
21294
21476
21658
21840
22022
22204
22386
22568
22750
22932
23114
23296
23478
23660
23842
24024
24206
24388
24570
24752
24934
25116
25298
25480
25662
25844
26026
26208
26390
26572
26754
26936
27118
27300
27482
27664
27846
28028
28210
28392
28574
28756
28938
29120
29302
29484
29666
29848
30030
30212
30394
30576
30758
30940
31122
31304
31486
31668
31850
32032
32214
32396
32578
32760
32942
33124
33306
33488
33670
33852
34034
34216
34398
34580
34762
34944
35126
35308
35490
35672
35854
36036
36218
36400
36582
36764
36946
37128
37310
37492
37674
37856
38038
38220
38402
38584
38766
38948
39130
39312
39494
39676
39858
40040
40222
40404
40586
40768
40950
41132
41314
41496
41678
41860
42042
42224
42406
42588
42770
42952
43134
43316
43498
43680
43862
44044
44226
44408
44590
44772
44954
45136
45318
45500
45682
45864
46046
46228
46410
46592
46774
46956
47138
47320
47502
47684
47866
48048
48230
48412
48594
48776
48958
49140
49322
49504
49686
49868
50050
50232
50414
50596
50778
50960
51142
51324
51506
51688
51870
52052
52234
52416
52598
52780
52962
53144
53326
53508
53690
53872
54054
54236
54418
54600
54782
54964
55146
55328
55510
55692
55874
56056
56238
56420
56602
56784
56966
57148
57330
57512
57694
57876
58058
58240
58422
58604
58786
58968
59150
59332
59514
59696
59878
60060
60242
60424
60606
60788
60970
61152
61334
61516
61698
61880
62062
62244
62426
62608
62790
62972
63154
63336
63518
63700
63882
64064
64246
64428
64610
64792
64974
65156
65338
65520
65702
65884
66066
66248
66430
66612
66794
66976
67158
67340
67522
67704
67886
68068
68250
68432
68614
68796
68978
69160
69342
69524
69706
69888
70070
70252
70434
70616
70798
70980
71162
71344
71526
71708
71890
72072
72254
72436
72618
72800
72982
73164
73346
73528
73710
73892
74074
74256
74438
74620
74802
74984
75166
75348
75530
75712
75894
76076
76258
76440
76622
76804
76986
77168
77350
77532
77714
77896
78078
78260
78442
78624
78806
78988
79170
79352
79534
79716
79898
80080
80262
80444
80626
80808
80990
81172
81354
81536
81718
81900
82082
82264
82446
82628
82810
82992
83174
83356
83538
83720
83902
84084
84266
84448
84630
84812
84994
85176
85358
85540
85722
85904
86086
86268
86450
86632
86814
86996
87178
87360
87542
87724
87906
88088
88270
88452
88634
88816
88998
89180
89362
89544
89726
89908
90090
90272
90454
90636
90818
91000
91182
91364
91546
91728
91910
92092
92274
92456
92638
92820
93002
93184
93366
93548
93730
93912
94094
94276
94458
94640
94822
95004
95186
95368
95550
95732
95914
96096
96278
96460
96642
96824
97006
97188
97370
97552
97734
97916
98098
98280
98462
98644
98826
99008
99190
99372
99554
99736
99918
100100
100282
100464
100646
100828
101010
101192
101374
101556
101738
101920
102102
102284
102466
102648
102830
103012
103194
103376
103558
103740
103922
104104
104286
104468
104650
104832
105014
105196
105378
105560
105742
105924
106106
106288
106470
106652
106834
107016
107198
107380
107562
107744
107926
108108
108290
108472
108654
108836
109018
109200
109382
109564
109746
109928
110110
110292
110474
110656
110838
111020
111202
111384
111566
111748
111930
112112
112294
112476
112658
112840
113022
113204
113386
113568
113750
113932
114114
114296
114478
114660
114842
115024
115206
115388
115570
115752
115934
116116
116298
116480
116662
116844
117026
117208
117390
117572
117754
117936
118118
118300
118482
118664
118846
119028
119210
119392
119574
119756
119938
120120
120302
120484
120666
120848
121030
121212
121394
121576
121758
121940
122122
122304
122486
122668
122850
123032
123214
123396
123578
123760
123942
124124
124306
124488
124670
124852
125034
125216
125398
125580
125762
125944
126126
126308
126490
126672
126854
127036
127218
127400
127582
127764
127946
128128
128310
128492
128674
128856
129038
129220
129402
129584
129766
129948
130130
130312
130494
130676
130858
131040
131222
131404
131586
131768
131950
132132
132314
132496
132678
132860
133042
133224
133406
133588
133770
133952
134134
134316
134498
134680
134862
135044
135226
135408
135590
135772
135954
136136
136318
136500
136682
136864
137046
137228
137410
137592
137774
137956
138138
138320
138502
138684
138866
139048
139230
139412
139594
139776
139958
140140
140322
140504
140686
140868
141050
141232
141414
141596
141778
141960
142142
142324
142506
142688
142870
143052
143234
143416
143598
143780
143962
144144
144326
144508
144690
144872
145054
145236
145418
145600
145782
145964
146146
146328
146510
146692
146874
147056
147238
147420
147602
147784
147966
148148
148330
148512
148694
148876
149058
149240
149422
149604
149786
149968
150150
150332
150514
150696
150878
151060
151242
151424
151606
151788
151970
152152
152334
152516
152698
152880
153062
153244
153426
153608
153790
153972
154154
154336
154518
154700
154882
155064
155246
155428
155610
155792
155974
156156
156338
156520
156702
156884
157066
157248
157430
157612
157794
157976
158158
158340
158522
158704
158886
159068
159250
159432
159614
159796
159978
160160
160342
160524
160706
160888
161070
161252
161434
161616
161798
161980
162162
162344
162526
162708
162890
163072
163254
163436
163618
163800
163982
164164
164346
164528
164710
164892
165074
165256
165438
165620
165802
165984
166166
166348
166530
166712
166894
167076
167258
167440
167622
167804
167986
168168
168350
168532
168714
168896
169078
169260
169442
169624
169806
169988
170170
170352
170534
170716
170898
171080
171262
171444
171626
171808
171990
172172
172354
172536
172718
172900
173082
173264
173446
173628
173810
173992
174174
174356
174538
174720
174902
175084
175266
175448
175630
175812
175994
176176
176358
176540
176722
176904
177086
177268
177450
177632
177814
177996
178178
178360
178542
178724
178906
179088
179270
179452
179634
179816
179998
180180
180362
180544
180726
180908
181090
181272
181454
181636
181818
182000
182182
182364
182546
182728
182910
183092
183274
183456
183638
183820
184002
184184
184366
184548
184730
184912
185094
185276
185458
185640
185822
186004
186186
186368
186550
186732
186914
187096
187278
187460
187642
187824
188006
188188
188370
188552
188734
188916
189098
189280
189462
189644
189826
190008
190190
190372
190554
190736
190918
191100
191282
191464
191646
191828
192010
192192
192374
192556
192738
192920
193102
193284
193466
193648
193830
194012
194194
194376
194558
194740
194922
195104
195286
195468
195650
195832
196014
196196
196378
196560
196742
196924
197106
197288
197470
197652
197834
198016
198198
198380
198562
198744
198926
199108
199290
199472
199654
199836
200018
200200
200382
200564
200746
200928
201110
201292
201474
201656
201838
202020
202202
202384
202566
202748
202930
203112
203294
203476
203658
203840
204022
204204
204386
204568
204750
204932
205114
205296
205478
205660
205842
206024
206206
206388
206570
206752
206934
207116
207298
207480
207662
207844
208026
208208
208390
208572
208754
208936
209118
209300
209482
209664
209846
210028
210210
210392
210574
210756
210938
211120
211302
211484
211666
211848
212030
212212
212394
212576
212758
212940
213122
213304
213486
213668
213850
214032
214214
214396
214578
214760
214942
215124
215306
215488
215670
215852
216034
216216
216398
216580
216762
216944
217126
217308
217490
217672
217854
218036
218218
218400
218582
218764
218946
219128
219310
219492
219674
219856
220038
220220
220402
220584
220766
220948
221130
221312
221494
221676
221858
222040
222222
222404
222586
222768
222950
223132
223314
223496
223678
223860
224042
224224
224406
224588
224770
224952
225134
225316
225498
225680
225862
226044
226226
226408
226590
226772
226954
227136
227318
227500
227682
227864
228046
228228
228410
228592
228774
228956
229138
229320
229502
229684
229866
230048
230230
230412
230594
230776
230958
231140
231322
231504
231686
231868
232050
232232
232414
232596
232778
232960
233142
233324
233506
233688
233870
234052
234234
234416
234598
234780
234962
235144
235326
235508
235690
235872
236054
236236
236418
236600
236782
236964
237146
237328
237510
237692
237874
238056

229138
229320
229502
229684
229866
230048
230230
230412
230594
230776
230958
231140
231322
231504
231686
231868
232050
232232
232414
232596
232778
232960
233142
233324
233506
233688
233870
234052
234234
234416
234598
234780
234962
235144
235326
235508
235690
235872
236054
236236
236418
236600
236782
236964
237146
237328
237510
237692
237874
238056

229138
229320
229502
229684
229866
230048
230230
230412
230594
230776
230958
231140
231322
231504
231686
231868
232050
232232
232414
232596
232778
232960
233142
233324
233506
233688
233870
234052
234234
234416
234598
234780
234962
235144
235326
235508
235690
235872
236054
236236
236418
236600
236782
236964
237146
237328
237510
237692
237874
238056

229138
229320
229502
229684
229866
230048
230230
230412
230594
230776
230958
231140
231322
231504
231686
231868
232050
232232
232414
232596
232778
232960
233142
233324
233506
233688
233870
234052
234234
234416
234598
234780
234962
235144
235326
235508
235690
235872
236054
236236
236418
236600
236782
236964
237146
237328
237510
237692
237874
238056

229138
229320
229502
229684
229866
230048
230230
230412
230594
230776
230958
231140
231322
231504
231686
231868
232050
232232
232414
232596
232778
232960
233142
233324
233506
233688
233870
234052
234234
234416
234598
234780
234962
235144
235326
235508
235690
235872
236054
236236
236418
236600
236782
236964
237146
237328
237510
237692
237874
238056

229138
229320
229502
229684
229866
230048
230230
230412
230594
230776
230958
231140
231322
231504
231686
231868
232050
232232
232414
232596
232778
232960
233142
233324
233506
233688
233870
234052
234234
234416
234598
234780
234962
235144
235326
235508
235690
235872
236054
236236
236418
236600
236782
236964
237146
237328
237510
237692
237874
238056
238238
238420
238602
238784
238966
239148
239330
239512
239694
239876
240058
240240
240422
240604
240786
240968
241150
241332
241514
241696
241878
242060
242242
242424
242606
242788
242970
243152
243334
243516
243698
243880
244062
244244
244426
244608
244790
244972
245154
245336
245518
245700
245882
246064
246246
246428
246610
246792
246974
247156
247338
247520
247702
247884
248066
248248
